0 info it worked if it ends with ok
1 verbose cli [ 'C:\\Program Files\\nodejs\\node.exe',
1 verbose cli   'C:\\Users\\soumitra\\AppData\\Roaming\\npm\\node_modules\\npm\\bin\\npm-cli.js',
1 verbose cli   'start' ]
2 info using npm@4.0.3
3 info using node@v4.5.0
4 verbose run-script [ 'prestart', 'start', 'poststart' ]
5 info lifecycle smartcom-node-hub@0.0.1~prestart: smartcom-node-hub@0.0.1
6 silly lifecycle smartcom-node-hub@0.0.1~prestart: no script for prestart, continuing
7 info lifecycle smartcom-node-hub@0.0.1~start: smartcom-node-hub@0.0.1
8 verbose lifecycle smartcom-node-hub@0.0.1~start: unsafe-perm in lifecycle true
9 verbose lifecycle smartcom-node-hub@0.0.1~start: PATH: C:\Users\soumitra\AppData\Roaming\npm\node_modules\npm\bin\node-gyp-bin;D:\LAB\nodejs-testbench\smartcom-node-hub\node_modules\.bin;C:\Users\soumitra\AppData\Roaming\npm;C:\Program Files\nodejs\;C:\ProgramData\Oracle\Java\javapath;C:\Program Files\Apache\apache-maven-3.2.3\bin\;C:\Program Files\Java\jdk1.8.0_65\bin;C:\Program Files\Lenovo\Fingerprint Manager Pro\;C:\Program Files\Git\cmd;D:\LAB\hadoop-2.7.1\bin;C:\Program Files (x86)\scala\bin;C:\Program Files (x86)\scala\bin;D:\LAB\spark-2.0.0-bin-hadoop2.7\bin;C:\Program Files\nodejs\;C:\Windows\system32; C:\Windows; C:\Windows\System32\Wbem;C:\Program Files\Intel\WiFi\bin\;C:\Program Files\Common Files\Intel\WirelessCommon\;D:\LAB\spring-1.4.2.RELEASE\bin\;C:\Program Files (x86)\Heroku\bin;C:\Program Files\Amazon\AWSCLI\;D:\LAB\spring-1.4.2.RELEASE\bin\;C:\Users\soumitra\AppData\Roaming\npm;C:\Program Files\Intel\WiFi\bin\;C:\Program Files\Common Files\Intel\WirelessCommon\
10 verbose lifecycle smartcom-node-hub@0.0.1~start: CWD: D:\LAB\nodejs-testbench\smartcom-node-hub
11 silly lifecycle smartcom-node-hub@0.0.1~start: Args: [ '/d /s /c', 'node server.js' ]
12 silly lifecycle smartcom-node-hub@0.0.1~start: Returned: code: 1  signal: null
13 info lifecycle smartcom-node-hub@0.0.1~start: Failed to exec start script
14 verbose stack Error: smartcom-node-hub@0.0.1 start: `node server.js`
14 verbose stack Exit status 1
14 verbose stack     at EventEmitter.<anonymous> (C:\Users\soumitra\AppData\Roaming\npm\node_modules\npm\lib\utils\lifecycle.js:279:16)
14 verbose stack     at emitTwo (events.js:87:13)
14 verbose stack     at EventEmitter.emit (events.js:172:7)
14 verbose stack     at ChildProcess.<anonymous> (C:\Users\soumitra\AppData\Roaming\npm\node_modules\npm\lib\utils\spawn.js:40:14)
14 verbose stack     at emitTwo (events.js:87:13)
14 verbose stack     at ChildProcess.emit (events.js:172:7)
14 verbose stack     at maybeClose (internal/child_process.js:829:16)
14 verbose stack     at Process.ChildProcess._handle.onexit (internal/child_process.js:211:5)
15 verbose pkgid smartcom-node-hub@0.0.1
16 verbose cwd D:\LAB\nodejs-testbench\smartcom-node-hub
17 error Windows_NT 6.1.7601
18 error argv "C:\\Program Files\\nodejs\\node.exe" "C:\\Users\\soumitra\\AppData\\Roaming\\npm\\node_modules\\npm\\bin\\npm-cli.js" "start"
19 error node v4.5.0
20 error npm  v4.0.3
21 error code ELIFECYCLE
22 error smartcom-node-hub@0.0.1 start: `node server.js`
22 error Exit status 1
23 error Failed at the smartcom-node-hub@0.0.1 start script 'node server.js'.
23 error Make sure you have the latest version of node.js and npm installed.
23 error If you do, this is most likely a problem with the smartcom-node-hub package,
23 error not with npm itself.
23 error Tell the author that this fails on your system:
23 error     node server.js
23 error You can get information on how to open an issue for this project with:
23 error     npm bugs smartcom-node-hub
23 error Or if that isn't available, you can get their info via:
23 error     npm owner ls smartcom-node-hub
23 error There is likely additional logging output above.
24 verbose exit [ 1, true ]
